0 info it worked if it ends with ok
1 verbose cli [ '/Users/Wendy/.nvm/versions/node/v6.3.1/bin/node',
1 verbose cli   '/Users/Wendy/.nvm/versions/node/v6.3.1/bin/npm',
1 verbose cli   'install',
1 verbose cli   'boostrap',
1 verbose cli   'css-loader',
1 verbose cli   'style-loader',
1 verbose cli   '--save' ]
2 info using npm@3.10.3
3 info using node@v6.3.1
4 silly loadCurrentTree Starting
5 silly install loadCurrentTree
6 silly install readLocalPackageData
7 silly fetchPackageMetaData boostrap
8 silly fetchPackageMetaData css-loader
9 silly fetchPackageMetaData style-loader
10 silly fetchNamedPackageData boostrap
11 silly mapToRegistry name boostrap
12 silly mapToRegistry using default registry
13 silly mapToRegistry registry https://registry.npmjs.org/
14 silly mapToRegistry data Result {
14 silly mapToRegistry   raw: 'boostrap',
14 silly mapToRegistry   scope: null,
14 silly mapToRegistry   escapedName: 'boostrap',
14 silly mapToRegistry   name: 'boostrap',
14 silly mapToRegistry   rawSpec: '',
14 silly mapToRegistry   spec: 'latest',
14 silly mapToRegistry   type: 'tag' }
15 silly mapToRegistry uri https://registry.npmjs.org/boostrap
16 silly fetchNamedPackageData css-loader
17 silly mapToRegistry name css-loader
18 silly mapToRegistry using default registry
19 silly mapToRegistry registry https://registry.npmjs.org/
20 silly mapToRegistry data Result {
20 silly mapToRegistry   raw: 'css-loader',
20 silly mapToRegistry   scope: null,
20 silly mapToRegistry   escapedName: 'css-loader',
20 silly mapToRegistry   name: 'css-loader',
20 silly mapToRegistry   rawSpec: '',
20 silly mapToRegistry   spec: 'latest',
20 silly mapToRegistry   type: 'tag' }
21 silly mapToRegistry uri https://registry.npmjs.org/css-loader
22 silly fetchNamedPackageData style-loader
23 silly mapToRegistry name style-loader
24 silly mapToRegistry using default registry
25 silly mapToRegistry registry https://registry.npmjs.org/
26 silly mapToRegistry data Result {
26 silly mapToRegistry   raw: 'style-loader',
26 silly mapToRegistry   scope: null,
26 silly mapToRegistry   escapedName: 'style-loader',
26 silly mapToRegistry   name: 'style-loader',
26 silly mapToRegistry   rawSpec: '',
26 silly mapToRegistry   spec: 'latest',
26 silly mapToRegistry   type: 'tag' }
27 silly mapToRegistry uri https://registry.npmjs.org/style-loader
28 verbose request uri https://registry.npmjs.org/boostrap
29 verbose request no auth needed
30 info attempt registry request try #1 at 10:45:58 PM
31 verbose request id dc3ebc36815f7f39
32 http request GET https://registry.npmjs.org/boostrap
33 verbose request uri https://registry.npmjs.org/style-loader
34 verbose request no auth needed
35 info attempt registry request try #1 at 10:45:58 PM
36 verbose etag "4BLD33GWIJ2QQTJOTQCKGF17F"
37 http request GET https://registry.npmjs.org/style-loader
38 verbose request uri https://registry.npmjs.org/css-loader
39 verbose request no auth needed
40 info attempt registry request try #1 at 10:45:58 PM
41 verbose etag "DOI69OAFERB156E2T0YCSM6TL"
42 http request GET https://registry.npmjs.org/css-loader
43 http 200 https://registry.npmjs.org/style-loader
44 verbose headers { server: 'CouchDB/1.5.0 (Erlang OTP/R16B03)',
44 verbose headers   etag: '"7L3B78W33D3RUXGNNT60FMK22"',
44 verbose headers   'content-type': 'application/json',
44 verbose headers   'content-encoding': 'gzip',
44 verbose headers   'cache-control': 'max-age=300',
44 verbose headers   'content-length': '5674',
44 verbose headers   'accept-ranges': 'bytes',
44 verbose headers   date: 'Fri, 09 Sep 2016 05:45:58 GMT',
44 verbose headers   via: '1.1 varnish',
44 verbose headers   age: '152',
44 verbose headers   connection: 'keep-alive',
44 verbose headers   'x-served-by': 'cache-sea1921-SEA',
44 verbose headers   'x-cache': 'HIT',
44 verbose headers   'x-cache-hits': '2',
44 verbose headers   'x-timer': 'S1473399958.795486,VS0,VE0',
44 verbose headers   vary: 'Accept-Encoding' }
45 silly get cb [ 200,
45 silly get   { server: 'CouchDB/1.5.0 (Erlang OTP/R16B03)',
45 silly get     etag: '"7L3B78W33D3RUXGNNT60FMK22"',
45 silly get     'content-type': 'application/json',
45 silly get     'content-encoding': 'gzip',
45 silly get     'cache-control': 'max-age=300',
45 silly get     'content-length': '5674',
45 silly get     'accept-ranges': 'bytes',
45 silly get     date: 'Fri, 09 Sep 2016 05:45:58 GMT',
45 silly get     via: '1.1 varnish',
45 silly get     age: '152',
45 silly get     connection: 'keep-alive',
45 silly get     'x-served-by': 'cache-sea1921-SEA',
45 silly get     'x-cache': 'HIT',
45 silly get     'x-cache-hits': '2',
45 silly get     'x-timer': 'S1473399958.795486,VS0,VE0',
45 silly get     vary: 'Accept-Encoding' } ]
46 verbose get saving style-loader to /Users/Wendy/.npm/registry.npmjs.org/style-loader/.cache.json
47 verbose correctMkdir /Users/Wendy/.npm correctMkdir not in flight; initializing
48 http 200 https://registry.npmjs.org/css-loader
49 verbose headers { server: 'CouchDB/1.5.0 (Erlang OTP/R16B03)',
49 verbose headers   etag: '"3ENKH8Z975Y43ZE2MZZ67B69Y"',
49 verbose headers   'content-type': 'application/json',
49 verbose headers   'content-encoding': 'gzip',
49 verbose headers   'cache-control': 'max-age=300',
49 verbose headers   'content-length': '11971',
49 verbose headers   'accept-ranges': 'bytes',
49 verbose headers   date: 'Fri, 09 Sep 2016 05:45:58 GMT',
49 verbose headers   via: '1.1 varnish',
49 verbose headers   age: '153',
49 verbose headers   connection: 'keep-alive',
49 verbose headers   'x-served-by': 'cache-sea1921-SEA',
49 verbose headers   'x-cache': 'HIT',
49 verbose headers   'x-cache-hits': '4',
49 verbose headers   'x-timer': 'S1473399958.799832,VS0,VE0',
49 verbose headers   vary: 'Accept-Encoding' }
50 silly get cb [ 200,
50 silly get   { server: 'CouchDB/1.5.0 (Erlang OTP/R16B03)',
50 silly get     etag: '"3ENKH8Z975Y43ZE2MZZ67B69Y"',
50 silly get     'content-type': 'application/json',
50 silly get     'content-encoding': 'gzip',
50 silly get     'cache-control': 'max-age=300',
50 silly get     'content-length': '11971',
50 silly get     'accept-ranges': 'bytes',
50 silly get     date: 'Fri, 09 Sep 2016 05:45:58 GMT',
50 silly get     via: '1.1 varnish',
50 silly get     age: '153',
50 silly get     connection: 'keep-alive',
50 silly get     'x-served-by': 'cache-sea1921-SEA',
50 silly get     'x-cache': 'HIT',
50 silly get     'x-cache-hits': '4',
50 silly get     'x-timer': 'S1473399958.799832,VS0,VE0',
50 silly get     vary: 'Accept-Encoding' } ]
51 verbose get saving css-loader to /Users/Wendy/.npm/registry.npmjs.org/css-loader/.cache.json
52 verbose correctMkdir /Users/Wendy/.npm correctMkdir not in flight; initializing
53 http 404 https://registry.npmjs.org/boostrap
54 verbose headers { 'content-type': 'application/json',
54 verbose headers   'cache-control': 'max-age=0',
54 verbose headers   'content-length': '2',
54 verbose headers   'accept-ranges': 'bytes',
54 verbose headers   date: 'Fri, 09 Sep 2016 05:45:58 GMT',
54 verbose headers   via: '1.1 varnish',
54 verbose headers   age: '0',
54 verbose headers   connection: 'keep-alive',
54 verbose headers   'x-served-by': 'cache-sea1925-SEA',
54 verbose headers   'x-cache': 'MISS',
54 verbose headers   'x-cache-hits': '0',
54 verbose headers   'x-timer': 'S1473399958.799669,VS0,VE94',
54 verbose headers   vary: 'Accept-Encoding' }
55 silly get cb [ 404,
55 silly get   { 'content-type': 'application/json',
55 silly get     'cache-control': 'max-age=0',
55 silly get     'content-length': '2',
55 silly get     'accept-ranges': 'bytes',
55 silly get     date: 'Fri, 09 Sep 2016 05:45:58 GMT',
55 silly get     via: '1.1 varnish',
55 silly get     age: '0',
55 silly get     connection: 'keep-alive',
55 silly get     'x-served-by': 'cache-sea1925-SEA',
55 silly get     'x-cache': 'MISS',
55 silly get     'x-cache-hits': '0',
55 silly get     'x-timer': 'S1473399958.799669,VS0,VE94',
55 silly get     vary: 'Accept-Encoding' } ]
56 silly fetchPackageMetaData Error: Registry returned 404 for GET on https://registry.npmjs.org/boostrap
56 silly fetchPackageMetaData     at makeError (/Users/Wendy/.nvm/versions/node/v6.3.1/lib/node_modules/npm/node_modules/npm-registry-client/lib/request.js:264:12)
56 silly fetchPackageMetaData     at CachingRegistryClient.<anonymous> (/Users/Wendy/.nvm/versions/node/v6.3.1/lib/node_modules/npm/node_modules/npm-registry-client/lib/request.js:242:14)
56 silly fetchPackageMetaData     at Request._callback (/Users/Wendy/.nvm/versions/node/v6.3.1/lib/node_modules/npm/node_modules/npm-registry-client/lib/request.js:172:14)
56 silly fetchPackageMetaData     at Request.self.callback (/Users/Wendy/.nvm/versions/node/v6.3.1/lib/node_modules/npm/node_modules/request/request.js:200:22)
56 silly fetchPackageMetaData     at emitTwo (events.js:106:13)
56 silly fetchPackageMetaData     at Request.emit (events.js:191:7)
56 silly fetchPackageMetaData     at Request.<anonymous> (/Users/Wendy/.nvm/versions/node/v6.3.1/lib/node_modules/npm/node_modules/request/request.js:1067:10)
56 silly fetchPackageMetaData     at emitOne (events.js:101:20)
56 silly fetchPackageMetaData     at Request.emit (events.js:188:7)
56 silly fetchPackageMetaData     at IncomingMessage.<anonymous> (/Users/Wendy/.nvm/versions/node/v6.3.1/lib/node_modules/npm/node_modules/request/request.js:988:12)
56 silly fetchPackageMetaData  error for boostrap { Error: Registry returned 404 for GET on https://registry.npmjs.org/boostrap
56 silly fetchPackageMetaData     at makeError (/Users/Wendy/.nvm/versions/node/v6.3.1/lib/node_modules/npm/node_modules/npm-registry-client/lib/request.js:264:12)
56 silly fetchPackageMetaData     at CachingRegistryClient.<anonymous> (/Users/Wendy/.nvm/versions/node/v6.3.1/lib/node_modules/npm/node_modules/npm-registry-client/lib/request.js:242:14)
56 silly fetchPackageMetaData     at Request._callback (/Users/Wendy/.nvm/versions/node/v6.3.1/lib/node_modules/npm/node_modules/npm-registry-client/lib/request.js:172:14)
56 silly fetchPackageMetaData     at Request.self.callback (/Users/Wendy/.nvm/versions/node/v6.3.1/lib/node_modules/npm/node_modules/request/request.js:200:22)
56 silly fetchPackageMetaData     at emitTwo (events.js:106:13)
56 silly fetchPackageMetaData     at Request.emit (events.js:191:7)
56 silly fetchPackageMetaData     at Request.<anonymous> (/Users/Wendy/.nvm/versions/node/v6.3.1/lib/node_modules/npm/node_modules/request/request.js:1067:10)
56 silly fetchPackageMetaData     at emitOne (events.js:101:20)
56 silly fetchPackageMetaData     at Request.emit (events.js:188:7)
56 silly fetchPackageMetaData     at IncomingMessage.<anonymous> (/Users/Wendy/.nvm/versions/node/v6.3.1/lib/node_modules/npm/node_modules/request/request.js:988:12) pkgid: 'boostrap', statusCode: 404, code: 'E404' }
57 silly rollbackFailedOptional Starting
58 silly rollbackFailedOptional Finishing
59 silly runTopLevelLifecycles Starting
60 silly runTopLevelLifecycles Finishing
61 silly install printInstalled
62 verbose stack Error: Registry returned 404 for GET on https://registry.npmjs.org/boostrap
62 verbose stack     at makeError (/Users/Wendy/.nvm/versions/node/v6.3.1/lib/node_modules/npm/node_modules/npm-registry-client/lib/request.js:264:12)
62 verbose stack     at CachingRegistryClient.<anonymous> (/Users/Wendy/.nvm/versions/node/v6.3.1/lib/node_modules/npm/node_modules/npm-registry-client/lib/request.js:242:14)
62 verbose stack     at Request._callback (/Users/Wendy/.nvm/versions/node/v6.3.1/lib/node_modules/npm/node_modules/npm-registry-client/lib/request.js:172:14)
62 verbose stack     at Request.self.callback (/Users/Wendy/.nvm/versions/node/v6.3.1/lib/node_modules/npm/node_modules/request/request.js:200:22)
62 verbose stack     at emitTwo (events.js:106:13)
62 verbose stack     at Request.emit (events.js:191:7)
62 verbose stack     at Request.<anonymous> (/Users/Wendy/.nvm/versions/node/v6.3.1/lib/node_modules/npm/node_modules/request/request.js:1067:10)
62 verbose stack     at emitOne (events.js:101:20)
62 verbose stack     at Request.emit (events.js:188:7)
62 verbose stack     at IncomingMessage.<anonymous> (/Users/Wendy/.nvm/versions/node/v6.3.1/lib/node_modules/npm/node_modules/request/request.js:988:12)
63 verbose statusCode 404
64 verbose pkgid boostrap
65 verbose cwd /Users/Wendy/Code/whiskers-bnb
66 error Darwin 15.5.0
67 error argv "/Users/Wendy/.nvm/versions/node/v6.3.1/bin/node" "/Users/Wendy/.nvm/versions/node/v6.3.1/bin/npm" "install" "boostrap" "css-loader" "style-loader" "--save"
68 error node v6.3.1
69 error npm  v3.10.3
70 error code E404
71 error 404 Registry returned 404 for GET on https://registry.npmjs.org/boostrap
72 error 404
73 error 404 'boostrap' is not in the npm registry.
74 error 404 You should bug the author to publish it (or use the name yourself!)
75 error 404 Note that you can also install from a
76 error 404 tarball, folder, http url, or git url.
77 verbose exit [ 1, true ]
